<?xml version="1.0" encoding="UTF-8"?>
<!-- Generated by org.testng.reporters.JUnitXMLReporter -->
<testsuite ignored="0" hostname="DESKTOP-245N5OC" failures="0" tests="3" name="Test" time="89.569" errors="0" timestamp="2022-11-21T20:20:40 IST">
  <testcase classname="testCases.LoginTest" name="Test1" time="19.836"/>
  <testcase classname="testCases.LoginTest" name="selectApprProduct" time="30.99"/>
  <testcase classname="testCases.LoginTest" name="AddProdToCart" time="38.687"/>
</testsuite> <!-- Test -->
