<?xml version="1.0" encoding="UTF-8"?>
<testng-results ignored="0" total="1" passed="1" failed="0" skipped="0">
  <reporter-output>
  </reporter-output>
  <suite started-at="2022-11-18T16:18:44 IST" name="Default suite" finished-at="2022-11-18T16:19:56 IST" duration-ms="72453">
    <groups>
    </groups>
    <test started-at="2022-11-18T16:18:44 IST" name="Default test" finished-at="2022-11-18T16:19:56 IST" duration-ms="72453">
      <class name="dataFileOpe.dataDriven">
        <test-method signature="testcases1()[pri:0, instance:dataFileOpe.dataDriven@1ea9f6af]" started-at="2022-11-18T16:18:44 IST" name="testcases1" finished-at="2022-11-18T16:19:56 IST" duration-ms="72411" status="PASS">
          <reporter-output>
          </reporter-output>
        </test-method> <!-- testcases1 -->
      </class> <!-- dataFileOpe.dataDriven -->
    </test> <!-- Default test -->
  </suite> <!-- Default suite -->
</testng-results>
